
ROM used:   3177/8192 (39%)
            3300/8192 (40%) including unused fragments

            0.9 Average locations per line
            4.7 Average locations per statement

RAM used:   75/368 (20%) at main() level
            144/368 (39%) worst case

Stack used: 7 worst case (5 in main + 2 for interrupts)
Stack size: 8

Lines Stmts  %   Files
----- ----- ---  -----
  366   215  32  color_sensor.c
   23     0   0  color_sensor.h
  672     0   0  ..\..\..\..\Program Files (x86)\PICC\Devices\16F877A.h
 1351   359  53  ..\..\..\..\Program Files (x86)\PICC\Drivers\stdlib.h
   32     0   0  ..\..\..\..\Program Files (x86)\PICC\Drivers\stddef.h
  423     0   0  ..\..\..\..\Program Files (x86)\PICC\Drivers\string.h
   28     0   0  ..\..\..\..\Program Files (x86)\PICC\Drivers\ctype.h
  456   100  15  ..\..\..\..\Program Files (x86)\PICC\Drivers\lcd.c
----- -----
 3351   674 Total

Page ROM  %  RAM    Vol Diff  Functions:
---- --- --- ---    --- ----  ----------
 Inline         2             @MUL88
 Inline         6             @DIVS1616
 Inline        13             @MULFF
 Inline         2             @ITOF
0    326  10   16             @ADDFF
 Inline        14             @DIVFF
0    258   8    9   1815 10.5  atoi
0     20   1    1             @delay_ms1
 Inline         3    760  4.5  lcd_read_byte
0     49   2    2    262  3.7  lcd_read_nibble
0     54   2    1    399  2.4  lcd_send_nibble
0    102   3    3    415  3.7  lcd_send_byte
0     76   2    6    852  6.2  lcd_init
0     18   1    4    208  6.3  lcd_gotoxy
0     44   1    1    354  4.7  lcd_putc
0     45   1    2    240  3.8  TCS_mode
 Inline         3    249  5.5  get_data
0     12   0    2     44  2.1  Delay4us
 Inline        28    231  6.0  Convert
 Inline         4             @SFTOI
1    784  25    9    571  5.9  Write
0      9   0    0     50  1.5  WriteBack
0     35   1    0     31  1.7  EXT_isr
0      9   0    1     52  2.1  Stop
0     60   2    0    323  4.2  TIMER1_isr
0      8   0    0             @goto12004
0    116   4    0    639  5.7  data_rec
 Inline         0             @MEMSET
0    289   9    1    776  8.0  TCS3200_getcolor
0     21   1    3             @DIV88
0     91   3    6             @PRINTF_D_9600_62_63
0     63   2   10             @FLT
1    460  14    1   4167  9.4  MAIN
0      1   0    0             @const1017
0     86   3    4             @PSTRINGC7_920
0      5   0    0             @const1019
1      8   0    0             @goto12157
0      1   0    0             @const1021
0      7   0    0             @const1022
0      8   0    0             @const1023
0      8   0    0             @const1024
 Inline         0             @cinit1

Program metrics:
    Functions               20
    Statements              674
    Comments                766
    Volume (V)              19660
    Difficulty (D)          96.9
    Effort to implement (E) 1904631
    Time to implement (T)   29 hours, 24 minutes
    Est Delivered Bugs (B)  5
    Cyclomatic Complexity   62
    Maintainability (MI)    69

 Segment     Used  Free
-----------  ----  ----
00000-00003     4  0  
00004-00067   100  0  
00068-007FF  1821  123  
00800-00FFF  1252  796  
01000-017FF     0  2048  
01800-01FFF     0  2048  



